<?xml version="1.0" encoding="UTF-8"?>
<coverage generated="1582021046955" clover="3.2.0">
  <project timestamp="1582021046956" name="All files">
    <metrics statements="26" coveredstatements="25" conditionals="7" coveredconditionals="6" methods="5" coveredmethods="5" elements="38" coveredelements="36" complexity="0" loc="26" ncloc="26" packages="1" files="2" classes="2"/>
    <file name="index.js" path="/home/vladislav/Git_Repos/frontend-project-lvl2/src/index.js">
      <metrics statements="15" coveredstatements="15" conditionals="4" coveredconditionals="4" methods="4" coveredmethods="4"/>
      <line num="4" count="1" type="stmt"/>
      <line num="5" count="2" type="stmt"/>
      <line num="7" count="2" type="stmt"/>
      <line num="8" count="8" type="cond" truecount="2" falsecount="0"/>
      <line num="9" count="4" type="cond" truecount="2" falsecount="0"/>
      <line num="10" count="2" type="stmt"/>
      <line num="12" count="2" type="stmt"/>
      <line num="13" count="2" type="stmt"/>
      <line num="16" count="4" type="stmt"/>
      <line num="18" count="8" type="stmt"/>
      <line num="21" count="2" type="stmt"/>
      <line num="22" count="6" type="stmt"/>
      <line num="24" count="2" type="stmt"/>
      <line num="25" count="2" type="stmt"/>
      <line num="27" count="2" type="stmt"/>
    </file>
    <file name="parsers.js" path="/home/vladislav/Git_Repos/frontend-project-lvl2/src/parsers.js">
      <metrics statements="11" coveredstatements="10" conditionals="3" coveredconditionals="2" methods="1" coveredmethods="1"/>
      <line num="6" count="2" type="stmt"/>
      <line num="7" count="2" type="stmt"/>
      <line num="9" count="2" type="cond" truecount="2" falsecount="1"/>
      <line num="11" count="1" type="stmt"/>
      <line num="12" count="1" type="stmt"/>
      <line num="13" count="1" type="stmt"/>
      <line num="15" count="1" type="stmt"/>
      <line num="16" count="1" type="stmt"/>
      <line num="17" count="1" type="stmt"/>
      <line num="19" count="0" type="stmt"/>
      <line num="21" count="2" type="stmt"/>
    </file>
  </project>
</coverage>
