{"/home/vladislav/Git_Repos/frontend-project-lvl2/src/index.js": {"path":"/home/vladislav/Git_Repos/frontend-project-lvl2/src/index.js","statementMap":{"0":{"start":{"line":4,"column":16},"end":{"line":29,"column":1}},"1":{"start":{"line":5,"column":20},"end":{"line":5,"column":60}},"2":{"start":{"line":6,"column":19},"end":{"line":6,"column":59}},"3":{"start":{"line":8,"column":18},"end":{"line":20,"column":3}},"4":{"start":{"line":9,"column":4},"end":{"line":18,"column":5}},"5":{"start":{"line":10,"column":6},"end":{"line":15,"column":7}},"6":{"start":{"line":11,"column":8},"end":{"line":11,"column":42}},"7":{"start":{"line":13,"column":8},"end":{"line":13,"column":49}},"8":{"start":{"line":14,"column":8},"end":{"line":14,"column":48}},"9":{"start":{"line":17,"column":6},"end":{"line":17,"column":47}},"10":{"start":{"line":19,"column":4},"end":{"line":19,"column":15}},"11":{"start":{"line":22,"column":17},"end":{"line":22,"column":59}},"12":{"start":{"line":23,"column":2},"end":{"line":27,"column":15}},"13":{"start":{"line":23,"column":48},"end":{"line":23,"column":80}},"14":{"start":{"line":25,"column":6},"end":{"line":25,"column":46}},"15":{"start":{"line":26,"column":6},"end":{"line":26,"column":17}},"16":{"start":{"line":28,"column":2},"end":{"line":28,"column":41}}},"fnMap":{"0":{"name":"(anonymous_0)","decl":{"start":{"line":4,"column":16},"end":{"line":4,"column":17}},"loc":{"start":{"line":4,"column":46},"end":{"line":29,"column":1}},"line":4},"1":{"name":"(anonymous_1)","decl":{"start":{"line":8,"column":18},"end":{"line":8,"column":19}},"loc":{"start":{"line":8,"column":36},"end":{"line":20,"column":3}},"line":8},"2":{"name":"(anonymous_2)","decl":{"start":{"line":23,"column":31},"end":{"line":23,"column":32}},"loc":{"start":{"line":23,"column":48},"end":{"line":23,"column":80}},"line":23},"3":{"name":"(anonymous_3)","decl":{"start":{"line":24,"column":12},"end":{"line":24,"column":13}},"loc":{"start":{"line":24,"column":30},"end":{"line":27,"column":5}},"line":24}},"branchMap":{"0":{"loc":{"start":{"line":9,"column":4},"end":{"line":18,"column":5}},"type":"if","locations":[{"start":{"line":9,"column":4},"end":{"line":18,"column":5}},{"start":{"line":9,"column":4},"end":{"line":18,"column":5}}],"line":9},"1":{"loc":{"start":{"line":10,"column":6},"end":{"line":15,"column":7}},"type":"if","locations":[{"start":{"line":10,"column":6},"end":{"line":15,"column":7}},{"start":{"line":10,"column":6},"end":{"line":15,"column":7}}],"line":10}},"s":{"0":1,"1":1,"2":1,"3":1,"4":4,"5":2,"6":1,"7":1,"8":1,"9":2,"10":4,"11":1,"12":1,"13":3,"14":1,"15":1,"16":1},"f":{"0":1,"1":4,"2":3,"3":1},"b":{"0":[2,2],"1":[1,1]},"_coverageSchema":"43e27e138ebf9cfc5966b082cf9a028302ed4184","hash":"169e90322809baeb57e873f37a3844dd7f2c1a34"}
}
