{"/home/vladislav/Git_Repos/frontend-project-lvl2/src/index.js": {"path":"/home/vladislav/Git_Repos/frontend-project-lvl2/src/index.js","statementMap":{"0":{"start":{"line":4,"column":16},"end":{"line":28,"column":1}},"1":{"start":{"line":5,"column":32},"end":{"line":5,"column":63}},"2":{"start":{"line":7,"column":18},"end":{"line":19,"column":3}},"3":{"start":{"line":8,"column":4},"end":{"line":17,"column":5}},"4":{"start":{"line":9,"column":6},"end":{"line":14,"column":7}},"5":{"start":{"line":10,"column":8},"end":{"line":10,"column":42}},"6":{"start":{"line":12,"column":8},"end":{"line":12,"column":49}},"7":{"start":{"line":13,"column":8},"end":{"line":13,"column":48}},"8":{"start":{"line":16,"column":6},"end":{"line":16,"column":47}},"9":{"start":{"line":18,"column":4},"end":{"line":18,"column":15}},"10":{"start":{"line":21,"column":17},"end":{"line":21,"column":59}},"11":{"start":{"line":22,"column":2},"end":{"line":26,"column":15}},"12":{"start":{"line":22,"column":48},"end":{"line":22,"column":80}},"13":{"start":{"line":24,"column":6},"end":{"line":24,"column":46}},"14":{"start":{"line":25,"column":6},"end":{"line":25,"column":17}},"15":{"start":{"line":27,"column":2},"end":{"line":27,"column":41}}},"fnMap":{"0":{"name":"(anonymous_0)","decl":{"start":{"line":4,"column":16},"end":{"line":4,"column":17}},"loc":{"start":{"line":4,"column":46},"end":{"line":28,"column":1}},"line":4},"1":{"name":"(anonymous_1)","decl":{"start":{"line":7,"column":18},"end":{"line":7,"column":19}},"loc":{"start":{"line":7,"column":36},"end":{"line":19,"column":3}},"line":7},"2":{"name":"(anonymous_2)","decl":{"start":{"line":22,"column":31},"end":{"line":22,"column":32}},"loc":{"start":{"line":22,"column":48},"end":{"line":22,"column":80}},"line":22},"3":{"name":"(anonymous_3)","decl":{"start":{"line":23,"column":12},"end":{"line":23,"column":13}},"loc":{"start":{"line":23,"column":30},"end":{"line":26,"column":5}},"line":23}},"branchMap":{"0":{"loc":{"start":{"line":8,"column":4},"end":{"line":17,"column":5}},"type":"if","locations":[{"start":{"line":8,"column":4},"end":{"line":17,"column":5}},{"start":{"line":8,"column":4},"end":{"line":17,"column":5}}],"line":8},"1":{"loc":{"start":{"line":9,"column":6},"end":{"line":14,"column":7}},"type":"if","locations":[{"start":{"line":9,"column":6},"end":{"line":14,"column":7}},{"start":{"line":9,"column":6},"end":{"line":14,"column":7}}],"line":9}},"s":{"0":1,"1":2,"2":2,"3":8,"4":4,"5":2,"6":2,"7":2,"8":4,"9":8,"10":2,"11":2,"12":6,"13":2,"14":2,"15":2},"f":{"0":2,"1":8,"2":6,"3":2},"b":{"0":[4,4],"1":[2,2]},"_coverageSchema":"43e27e138ebf9cfc5966b082cf9a028302ed4184","hash":"c6231d9b7050fd90a140f983b99d6c08ffdfc383"}
,"/home/vladislav/Git_Repos/frontend-project-lvl2/src/parsers.js": {"path":"/home/vladislav/Git_Repos/frontend-project-lvl2/src/parsers.js","statementMap":{"0":{"start":{"line":6,"column":17},"end":{"line":6,"column":42}},"1":{"start":{"line":7,"column":20},"end":{"line":7,"column":22}},"2":{"start":{"line":9,"column":2},"end":{"line":20,"column":3}},"3":{"start":{"line":11,"column":6},"end":{"line":11,"column":63}},"4":{"start":{"line":12,"column":6},"end":{"line":12,"column":63}},"5":{"start":{"line":13,"column":6},"end":{"line":13,"column":12}},"6":{"start":{"line":15,"column":6},"end":{"line":15,"column":66}},"7":{"start":{"line":16,"column":6},"end":{"line":16,"column":66}},"8":{"start":{"line":17,"column":6},"end":{"line":17,"column":12}},"9":{"start":{"line":19,"column":6},"end":{"line":19,"column":12}},"10":{"start":{"line":21,"column":2},"end":{"line":21,"column":19}}},"fnMap":{"0":{"name":"(anonymous_0)","decl":{"start":{"line":5,"column":15},"end":{"line":5,"column":16}},"loc":{"start":{"line":5,"column":45},"end":{"line":22,"column":1}},"line":5}},"branchMap":{"0":{"loc":{"start":{"line":9,"column":2},"end":{"line":20,"column":3}},"type":"switch","locations":[{"start":{"line":10,"column":4},"end":{"line":13,"column":12}},{"start":{"line":14,"column":4},"end":{"line":17,"column":12}},{"start":{"line":18,"column":4},"end":{"line":19,"column":12}}],"line":9}},"s":{"0":2,"1":2,"2":2,"3":1,"4":1,"5":1,"6":1,"7":1,"8":1,"9":0,"10":2},"f":{"0":2},"b":{"0":[1,1,0]},"_coverageSchema":"43e27e138ebf9cfc5966b082cf9a028302ed4184","hash":"d9451592c4f5afb0ae3769217690cc0fb93e9f1e"}
}
