TN:
SF:/home/vladislav/Git_Repos/frontend-project-lvl2/src/index.js
FN:4,(anonymous_0)
FN:7,(anonymous_1)
FN:22,(anonymous_2)
FN:23,(anonymous_3)
FNF:4
FNH:4
FNDA:2,(anonymous_0)
FNDA:8,(anonymous_1)
FNDA:6,(anonymous_2)
FNDA:2,(anonymous_3)
DA:4,1
DA:5,2
DA:7,2
DA:8,8
DA:9,4
DA:10,2
DA:12,2
DA:13,2
DA:16,4
DA:18,8
DA:21,2
DA:22,6
DA:24,2
DA:25,2
DA:27,2
LF:15
LH:15
BRDA:8,0,0,4
BRDA:8,0,1,4
BRDA:9,1,0,2
BRDA:9,1,1,2
BRF:4
BRH:4
end_of_record
TN:
SF:/home/vladislav/Git_Repos/frontend-project-lvl2/src/parsers.js
FN:5,(anonymous_0)
FNF:1
FNH:1
FNDA:2,(anonymous_0)
DA:6,2
DA:7,2
DA:9,2
DA:11,1
DA:12,1
DA:13,1
DA:15,1
DA:16,1
DA:17,1
DA:19,0
DA:21,2
LF:11
LH:10
BRDA:9,0,0,1
BRDA:9,0,1,1
BRDA:9,0,2,0
BRF:3
BRH:2
end_of_record
